2014-11-04 09:27:59.638+0000: Creating new db @ /Users/zhoubin/Documents/workspace/wiiphp-java/http:/master:7474/db/data/neostore
2014-11-04 09:27:59.810+0000: Opened logical log [/Users/zhoubin/Documents/workspace/wiiphp-java/http:/master:7474/db/data/nioneo_logical.log.1] version=0, lastTxId=1 (clean)
2014-11-04 09:27:59.832+0000: TM new log: tm_tx_log.1
2014-11-04 09:27:59.871+0000: Opened logical log [/Users/zhoubin/Documents/workspace/wiiphp-java/http:/master:7474/db/data/index/lucene.log.1] version=0, lastTxId=1 (clean)
2014-11-04 09:27:59.875+0000: --- STARTUP diagnostics START ---
2014-11-04 09:27:59.877+0000: Neo4j Kernel properties:
    forced_kernel_id=
    read_only=false
    neo4j.ext.udc.host=udc.neo4j.org
    logical_log=nioneo_logical.log
    node_auto_indexing=false
    intercept_committing_transactions=false
    remote_shell_name=shell
    relationship_cache_size=477233152
    cache_type=soft
    intercept_deserialized_transactions=false
    lucene_searcher_cache_size=2147483647
    neo4j.ext.udc.interval=86400000
    use_memory_mapped_buffers=true
    rebuild_idgenerators_fast=true
    neostore.propertystore.db.index.keys.mapped_memory=1M
    neostore.propertystore.db.arrays.mapped_memory=639M
    neostore.propertystore.db.strings.mapped_memory=563M
    gcr_cache_min_log_interval=60s
    relationship_grab_size=100
    relationship_auto_indexing=false
    remote_shell_read_only=false
    node_cache_array_fraction=1.0
    allow_store_upgrade=false
    execution_guard_enabled=false
    relationship_cache_array_fraction=1.0
    remote_logging_host=127.0.0.1
    store_dir=http://master:7474/db/data
    online_backup_enabled=false
    remote_logging_port=4560
    gc_monitor_threshold=200ms
    array_block_size=120
    load_kernel_extensions=true
    neostore.relationshipstore.db.mapped_memory=812M
    keep_logical_logs=true
    dump_configuration=false
    gc_monitor_wait_time=100ms
    neostore.nodestore.db.mapped_memory=184M
    neo4j.ext.udc.first_delay=600000
    remote_shell_enabled=false
    neo4j.ext.udc.reg=unreg
    remote_shell_port=1337
    ephemeral=false
    neo_store=neostore
    logging.threshold_for_rotation=104857600
    neostore.propertystore.db.index.mapped_memory=1M
    backup_slave=false
    neostore.propertystore.db.mapped_memory=663M
    string_block_size=120
    grab_file_lock=true
    remote_logging_enabled=false
    node_cache_size=477233152
    neo4j.ext.udc.enabled=true
    online_backup_port=6362
2014-11-04 09:27:59.882+0000: Diagnostics providers:
    org.neo4j.kernel.configuration.Config
    org.neo4j.kernel.info.DiagnosticsManager
    SYSTEM_MEMORY
    JAVA_MEMORY
    OPERATING_SYSTEM
    JAVA_VIRTUAL_MACHINE
    CLASSPATH
    LIBRARY_PATH
    SYSTEM_PROPERTIES
2014-11-04 09:27:59.883+0000: System memory information:
    Total Physical memory: 8.00 GB
    Free Physical memory: 32.98 MB
    Committed virtual memory: 4.61 GB
    Total swap space: 1.00 GB
    Free swap space: 1.00 GB
2014-11-04 09:27:59.890+0000: JVM memory information:
    Free  memory: 113.53 MB
    Total memory: 123.00 MB
    Max   memory: 1.78 GB
    Garbage Collector: PS Scavenge: [PS Eden Space, PS Survivor Space]
    Garbage Collector: PS MarkSweep: [PS Eden Space, PS Survivor Space, PS Old Gen, PS Perm Gen]
    Memory Pool: Code Cache (Non-heap memory): committed=2.44 MB, used=577.31 kB, max=48.00 MB, threshold=0.00 B
    Memory Pool: PS Eden Space (Heap memory): committed=33.00 MB, used=5.89 MB, max=673.00 MB, threshold=?
    Memory Pool: PS Survivor Space (Heap memory): committed=5.00 MB, used=3.57 MB, max=5.00 MB, threshold=?
    Memory Pool: PS Old Gen (Heap memory): committed=85.00 MB, used=8.00 kB, max=1.33 GB, threshold=0.00 B
    Memory Pool: PS Perm Gen (Non-heap memory): committed=21.00 MB, used=7.03 MB, max=82.00 MB, threshold=0.00 B
2014-11-04 09:27:59.895+0000: Operating system information:
    Operating System: Mac OS X; version: 10.9.4; arch: x86_64; cpus: 4
    Max number of file descriptors: 10240
    Number of open file descriptors: 165
    Process id: 5550@localhost
    Byte order: LITTLE_ENDIAN
2014-11-04 09:27:59.912+0000: JVM information:
    VM Name: Java HotSpot(TM) 64-Bit Server VM
    VM Vendor: Oracle Corporation
    VM Version: 24.45-b08
    JIT compiler: HotSpot 64-Bit Tiered Compilers
    VM Arguments: [-Dfile.encoding=UTF-8]
2014-11-04 09:27:59.912+0000: Java classpath:
     [classpath + loader.0] file:/Users/zhoubin/Documents/workspace/wiiphp-java/lib/lucene-core-3.5.0.jar
     [classpath + loader.0] file:/Users/zhoubin/Documents/workspace/wiiphp-java/lib/jetty-6.1.26.jar
     [classpath + loader.0] file:/Users/zhoubin/Documents/workspace/wiiphp-java/lib/datanucleus-connectionpool-2.0.3.jar
     [loader.1] file:/System/Library/Java/Extensions/vecmath.jar
     [classpath + loader.0] file:/Users/zhoubin/Documents/workspace/wiiphp-java/lib/commons-dbcp-1.4.jar
     [classpath + loader.0] file:/Users/zhoubin/Documents/workspace/wiiphp-java/lib/oro-2.0.8.jar
     [classpath + loader.0] file:/Users/zhoubin/Documents/workspace/wiiphp-java/lib/ST4-4.0.4.jar
     [classpath + loader.0] file:/Users/zhoubin/Documents/workspace/wiiphp-java/lib/commons-io-2.4.jar
     [loader.1] file:/Library/Java/JavaVirtualMachines/jdk1.7.0_45.jdk/Contents/Home/jre/lib/ext/sunpkcs11.jar
     [classpath + loader.0] file:/Users/zhoubin/Documents/workspace/wiiphp-java/lib/aspectjrt-1.6.11.jar
     [bootstrap] /Library/Java/JavaVirtualMachines/jdk1.7.0_45.jdk/Contents/Home/jre/classes
     [classpath + loader.0] file:/Users/zhoubin/Documents/workspace/wiiphp-java/lib/hive-metastore-0.11.0.jar
     [loader.1] file:/System/Library/Java/Extensions/libJ3D.jnilib
     [classpath + loader.0] file:/Users/zhoubin/Documents/workspace/wiiphp-java/lib/hadoop-examples-1.0.0.jar
     [loader.1] file:/System/Library/Java/Extensions/QTJava.zip
     [loader.1] file:/Users/zhoubin/Library/Java/Extensions/libjniwrap64.so
     [classpath + loader.0] file:/Users/zhoubin/Documents/workspace/wiiphp-java/lib/javolution-5.5.1.jar
     [classpath + loader.0] file:/Users/zhoubin/Documents/workspace/wiiphp-java/lib/hive-jdbc-0.11.0.jar
     [loader.1] file:/System/Library/Java/Extensions/j3daudio.jar
     [loader.1] file:/Users/zhoubin/Library/Java/Extensions/jniwrap.lic
     [classpath + loader.0] file:/Users/zhoubin/Documents/workspace/wiiphp-java/lib/neo4j-udc-1.8.M07.jar
     [loader.1] file:/System/Library/Java/Extensions/libQTJNative.jnilib
     [classpath + loader.0] file:/Users/zhoubin/Documents/workspace/wiiphp-java/lib/jersey-server-1.8.jar
     [classpath + loader.0] file:/Users/zhoubin/Documents/workspace/wiiphp-java/lib/jdeb-0.8.jar
     [loader.1] file:/System/Library/Java/Extensions/j3dcore.jar
     [classpath + loader.0] file:/Users/zhoubin/Documents/workspace/wiiphp-java/lib/hive-cli-0.11.0.jar
     [classpath + loader.0] file:/Users/zhoubin/Documents/workspace/wiiphp-java/lib/commons-daemon-1.0.1.jar
     [classpath + loader.0] file:/Users/zhoubin/Documents/workspace/wiiphp-java/lib/commons-codec-1.6.jar
     [loader.1] file:/usr/lib/java/libjdns_sd.jnilib
     [classpath + loader.0] file:/Users/zhoubin/Documents/workspace/wiiphp-java/lib/snappy-0.2.jar
     [classpath + loader.0] file:/Users/zhoubin/Documents/workspace/wiiphp-java/lib/geronimo-jta_1.1_spec-1.1.1.jar
     [classpath + loader.0] file:/Users/zhoubin/Documents/workspace/wiiphp-java/lib/aspectjtools-1.6.11.jar
     [classpath + loader.0] file:/Users/zhoubin/Documents/workspace/wiiphp-java/lib/servlet-api-2.5-20081211.jar
     [classpath + loader.0] file:/Users/zhoubin/Documents/workspace/wiiphp-java/lib/jersey-json-1.8.jar
     [classpath + loader.0] file:/Users/zhoubin/Documents/workspace/wiiphp-java/lib/jersey-core-1.8.jar
     [classpath + loader.0] file:/Users/zhoubin/Documents/workspace/wiiphp-java/lib/hadoop-fairscheduler-1.2.1.jar
     [classpath + loader.0] file:/Users/zhoubin/Documents/workspace/wiiphp-java/lib/hadoop-core-1.0.0.jar
     [classpath + loader.0] file:/Users/zhoubin/Documents/workspace/wiiphp-java/lib/jasper-runtime-5.5.12.jar
     [loader.1] file:/System/Library/Java/Extensions/jai_core.jar
     [loader.1] file:/Users/zhoubin/Library/Java/Extensions/jniwrap.dll
     [classpath + loader.0] file:/Users/zhoubin/Documents/workspace/wiiphp-java/lib/jredis.jar
     [bootstrap] /Library/Java/JavaVirtualMachines/jdk1.7.0_45.jdk/Contents/Home/jre/lib/resources.jar
     [classpath + loader.0] file:/Users/zhoubin/Documents/workspace/wiiphp-java/lib/neo4j-jmx-1.8.M07.jar
     [classpath + loader.0] file:/Users/zhoubin/Documents/workspace/wiiphp-java/lib/hive-beeline-0.11.0.jar
     [loader.1] file:/Library/Java/JavaVirtualMachines/jdk1.7.0_45.jdk/Contents/Home/jre/lib/ext/dnsns.jar
     [classpath + loader.0] file:/Users/zhoubin/Documents/workspace/wiiphp-java/lib/hbase-0.94.6.1.jar
     [classpath + loader.0] file:/Users/zhoubin/Documents/workspace/wiiphp-java/lib/neo4j-graph-matching-1.8.M07.jar
     [classpath + loader.0] file:/Users/zhoubin/Documents/workspace/wiiphp-java/lib/mockito-all-1.8.5.jar
     [classpath + loader.0] file:/Users/zhoubin/Documents/workspace/wiiphp-java/lib/xmlenc-0.52.jar
     [classpath + loader.0] file:/Users/zhoubin/Documents/workspace/wiiphp-java/lib/commons-logging-1.1.3.jar
     [classpath + loader.0] file:/Users/zhoubin/Documents/workspace/wiiphp-java/lib/hsqldb-1.8.0.10.jar
     [classpath + loader.0] file:/Users/zhoubin/Documents/workspace/wiiphp-java/lib/neo4j-kernel-1.8.M07.jar
     [bootstrap] /Library/Java/JavaVirtualMachines/jdk1.7.0_45.jdk/Contents/Home/jre/lib/sunrsasign.jar
     [classpath + loader.0] file:/Users/zhoubin/Documents/workspace/wiiphp-java/lib/slf4j-log4j12-1.6.1.jar
     [classpath + loader.0] file:/Users/zhoubin/Documents/workspace/wiiphp-java/lib/jsch-0.1.42.jar
     [classpath + loader.0] file:/Users/zhoubin/Documents/workspace/wiiphp-java/lib/tempus-fugit-1.1.jar
     [classpath + loader.0] file:/Users/zhoubin/Documents/workspace/wiiphp-java/lib/junit-4.5.jar
     [classpath + loader.0] file:/Users/zhoubin/Documents/workspace/wiiphp-java/lib/commons-pool-1.5.4.jar
     [classpath + loader.0] file:/Users/zhoubin/Documents/workspace/wiiphp-java/lib/jets3t-0.6.1.jar
     [classpath + loader.0] file:/Users/zhoubin/Documents/workspace/wiiphp-java/lib/asm-3.2.jar
     [loader.1] file:/Library/Java/JavaVirtualMachines/jdk1.7.0_45.jdk/Contents/Home/jre/lib/ext/sunec.jar
     [classpath + loader.0] file:/Users/zhoubin/Documents/workspace/wiiphp-java/lib/json-20090211.jar
     [classpath + loader.0] file:/Users/zhoubin/Documents/workspace/wiiphp-java/lib/jline-0.9.94.jar
     [classpath + loader.0] file:/Users/zhoubin/Documents/workspace/wiiphp-java/lib/hbase-0.94.6.1-tests.jar
     [classpath + loader.0] file:/Users/zhoubin/Documents/workspace/wiiphp-java/lib/commons-cli-1.2.jar
     [classpath + loader.0] file:/Users/zhoubin/Documents/workspace/wiiphp-java/lib/taobao-sdk-java-online_standard-20131204.jar
     [classpath + loader.0] file:/Users/zhoubin/Documents/workspace/wiiphp-java/lib/kfs-0.2.2.jar
     [classpath + loader.0] file:/Users/zhoubin/Documents/workspace/wiiphp-java/lib/commons-httpclient-3.0.1.jar
     [classpath + loader.0] file:/Users/zhoubin/Documents/workspace/wiiphp-java/lib/protobuf-java-2.4.1.jar
     [classpath + loader.0] file:/Users/zhoubin/Documents/workspace/wiiphp-java/lib/maven-ant-tasks-2.1.3.jar
     [classpath + loader.0] file:/Users/zhoubin/Documents/workspace/wiiphp-java/lib/httpmime-4.3.1.jar
     [loader.1] file:/System/Library/Java/Extensions/AppleScriptEngine.jar
     [classpath + loader.0] file:/Users/zhoubin/Documents/workspace/wiiphp-java/lib/libfb303-0.9.0.jar
     [classpath + loader.0] file:/Users/zhoubin/Documents/workspace/wiiphp-java/lib/hadoop-ant-1.0.0.jar
     [classpath + loader.0] file:/Users/zhoubin/Documents/workspace/wiiphp-java/lib/hive-common-0.11.0.jar
     [classpath + loader.0] file:/Users/zhoubin/Documents/workspace/wiiphp-java/lib/jackson-core-asl-1.8.8.jar
     [classpath + loader.0] file:/Users/zhoubin/Documents/workspace/wiiphp-java/bin/
     [classpath + loader.0] file:/Users/zhoubin/Documents/workspace/wiiphp-java/lib/hive-hwi-0.11.0.war
     [loader.1] file:/System/Library/Java/Extensions/dns_sd.jar
     [classpath + loader.0] file:/Users/zhoubin/Documents/workspace/wiiphp-java/lib/guava-11.0.2.jar
     [loader.1] file:/Users/zhoubin/Library/Java/Extensions/publicKey.bytes
     [loader.1] file:/System/Library/Java/Extensions/MRJToolkit.jar
     [loader.1] file:/Users/zhoubin/Library/Java/Extensions/libjniwrap.so
     [classpath + loader.0] file:/Users/zhoubin/Documents/workspace/wiiphp-java/lib/neo4j-graph-algo-1.8.M07.jar
     [classpath + loader.0] file:/Users/zhoubin/Documents/workspace/wiiphp-java/lib/mongo-java-driver-2.11.3.jar
     [classpath + loader.0] file:/Users/zhoubin/Documents/workspace/wiiphp-java/lib/commons-digester-1.8.jar
     [loader.1] file:/System/Library/Java/Extensions/libmlib_jai.jnilib
     [loader.1] file:/Users/zhoubin/Library/Java/Extensions/privateKey.bytes
     [classpath + loader.0] file:/Users/zhoubin/Documents/workspace/wiiphp-java/lib/commons-lang-2.6.jar
     [classpath + loader.0] file:/Users/zhoubin/Documents/workspace/wiiphp-java/lib/hadoop-thriftfs-1.2.1.jar
     [loader.1] file:/Users/zhoubin/Library/Java/Extensions/jniwrap64.dll
     [classpath + loader.0] file:/Users/zhoubin/Documents/workspace/wiiphp-java/lib/log4j-1.2.16.jar
     [loader.1] file:/Library/Java/JavaVirtualMachines/jdk1.7.0_45.jdk/Contents/Home/jre/lib/ext/localedata.jar
     [classpath + loader.0] file:/Users/zhoubin/Documents/workspace/wiiphp-java/lib/jsoup-1.7.2.jar
     [classpath + loader.0] file:/Users/zhoubin/Documents/workspace/wiiphp-java/lib/commons-collections-3.2.1.jar
     [classpath + loader.0] file:/Users/zhoubin/Documents/workspace/wiiphp-java/lib/httpclient-4.3.1.jar
     [classpath + loader.0] file:/Users/zhoubin/Documents/workspace/wiiphp-java/lib/jasper-compiler-5.5.12.jar
     [classpath + loader.0] file:/Users/zhoubin/Documents/workspace/wiiphp-java/lib/core-3.1.1.jar
     [classpath + loader.0] file:/Users/zhoubin/Documents/workspace/wiiphp-java/lib/hadoop-capacity-scheduler-1.2.1.jar
     [loader.1] file:/System/Library/Java/Extensions/mlibwrapper_jai.jar
     [classpath + loader.0] file:/Users/zhoubin/Documents/workspace/wiiphp-java/lib/commons-net-3.1.jar
     [classpath + loader.0] file:/Users/zhoubin/Documents/workspace/wiiphp-java/lib/fluent-hc-4.3.1.jar
     [classpath + loader.0] file:/Users/zhoubin/Documents/workspace/wiiphp-java/lib/commons-math-2.1.jar
     [classpath + loader.0] file:/Users/zhoubin/Documents/workspace/wiiphp-java/lib/avro-mapred-1.7.1.jar
     [bootstrap] /Library/Java/JavaVirtualMachines/jdk1.7.0_45.jdk/Contents/Home/jre/lib/jfr.jar
     [classpath + loader.0] file:/Users/zhoubin/Documents/workspace/wiiphp-java/lib/commons-el-1.0.jar
     [classpath + loader.0] file:/Users/zhoubin/Documents/workspace/wiiphp-java/lib/org.apache.servicemix.bundles.jline-0.9.94_1.jar
     [classpath + loader.0] file:/Users/zhoubin/Documents/workspace/wiiphp-java/lib/commons-logging-api-1.0.4.jar
     [classpath + loader.0] file:/Users/zhoubin/Documents/workspace/wiiphp-java/lib/jackson-xc-1.8.8.jar
     [classpath + loader.0] file:/Users/zhoubin/Documents/workspace/wiiphp-java/lib/jackson-jaxrs-1.8.8.jar
     [classpath + loader.0] file:/Users/zhoubin/Documents/workspace/wiiphp-java/lib/hadoop-0.20.1-eclipse-plugin.jar
     [loader.1] file:/Users/zhoubin/Library/Java/Extensions/cracker.jar
     [classpath + loader.0] file:/Users/zhoubin/Documents/workspace/wiiphp-java/lib/hadoop-tools-1.0.0.jar
     [loader.1] file:/System/Library/Java/Extensions/libJ3DAudio.jnilib
     [loader.1] file:/System/Library/Java/Extensions/libAppleScriptEngine.jnilib
     [bootstrap] /Library/Java/JavaVirtualMachines/jdk1.7.0_45.jdk/Contents/Home/jre/lib/JObjC.jar
     [bootstrap] /Library/Java/JavaVirtualMachines/jdk1.7.0_45.jdk/Contents/Home/jre/lib/jce.jar
     [classpath + loader.0] file:/Users/zhoubin/Documents/workspace/wiiphp-java/lib/metrics-core-2.1.2.jar
     [classpath + loader.0] file:/Users/zhoubin/Documents/workspace/wiiphp-java/lib/httpcore-4.3.jar
     [loader.1] file:/System/Library/Java/Extensions/libJ3DUtils.jnilib
     [classpath + loader.0] file:/Users/zhoubin/Documents/workspace/wiiphp-java/lib/avro-1.7.1.jar
     [classpath + loader.0] file:/Users/zhoubin/Documents/workspace/wiiphp-java/lib/libthrift-0.9.0.jar
     [classpath + loader.0] file:/Users/zhoubin/Documents/workspace/wiiphp-java/lib/scala-library-2.9.1-1.jar
     [classpath + loader.0] file:/Users/zhoubin/Documents/workspace/wiiphp-java/lib/antlr-runtime-3.4.jar
     [classpath + loader.0] file:/Users/zhoubin/Documents/workspace/wiiphp-java/lib/xz-1.0.jar
     [classpath + loader.0] file:/Users/zhoubin/Documents/workspace/wiiphp-java/lib/datanucleus-rdbms-2.0.3.jar
     [loader.1] file:/Library/Java/JavaVirtualMachines/jdk1.7.0_45.jdk/Contents/Home/jre/lib/ext/zipfs.jar
     [classpath + loader.0] file:/Users/zhoubin/Documents/workspace/wiiphp-java/lib/slf4j-api-1.6.1.jar
     [loader.1] file:/System/Library/Java/Extensions/j3dutils.jar
     [classpath + loader.0] file:/Users/zhoubin/Documents/workspace/wiiphp-java/lib/jdo2-api-2.3-ec.jar
     [loader.1] file:/System/Library/Java/Extensions/jai_codec.jar
     [classpath + loader.0] file:/Users/zhoubin/Documents/workspace/wiiphp-java/lib/hive-shims-0.11.0.jar
     [classpath + loader.0] file:/Users/zhoubin/Documents/workspace/wiiphp-java/lib/neo4j-lucene-index-1.8.M07.jar
     [classpath + loader.0] file:/Users/zhoubin/Documents/workspace/wiiphp-java/lib/hadoop-test-1.0.0.jar
     [bootstrap] /Library/Java/JavaVirtualMachines/jdk1.7.0_45.jdk/Contents/Home/jre/lib/jsse.jar
     [classpath + loader.0] file:/Users/zhoubin/Documents/workspace/wiiphp-java/lib/commons-configuration-1.6.jar
     [classpath + loader.0] file:/Users/zhoubin/Documents/workspace/wiiphp-java/lib/hive-service-0.11.0.jar
     [classpath + loader.0] file:/Users/zhoubin/Documents/workspace/wiiphp-java/lib/hive-exec-0.11.0.jar
     [bootstrap] /Library/Java/JavaVirtualMachines/jdk1.7.0_45.jdk/Contents/Home/jre/lib/charsets.jar
     [bootstrap] /Library/Java/JavaVirtualMachines/jdk1.7.0_45.jdk/Contents/Home/jre/lib/rt.jar
     [classpath + loader.0] file:/Users/zhoubin/Documents/workspace/wiiphp-java/lib/neo4j-cypher-1.8.M07.jar
     [classpath + loader.0] file:/Users/zhoubin/Documents/workspace/wiiphp-java/lib/zookeeper-3.4.3.jar
     [classpath + loader.0] file:/Users/zhoubin/Documents/workspace/wiiphp-java/lib/datanucleus-enhancer-2.0.3.jar
     [loader.1] file:/Users/zhoubin/Library/Java/Extensions/libjniwrap.jnilib
     [classpath + loader.0] file:/Users/zhoubin/Documents/workspace/wiiphp-java/lib/httpclient-cache-4.3.1.jar
     [loader.1] file:/Users/zhoubin/Library/Java/Extensions/run.bat
     [classpath + loader.0] file:/Users/zhoubin/Documents/workspace/wiiphp-java/lib/commons-beanutils-core-1.8.0.jar
     [classpath + loader.0] file:/Users/zhoubin/Documents/workspace/wiiphp-java/lib/commons-compress-1.4.1.jar
     [classpath + loader.0] file:/Users/zhoubin/Documents/workspace/wiiphp-java/lib/JavaEWAH-0.3.2.jar
     [classpath + loader.0] file:/Users/zhoubin/Documents/workspace/wiiphp-java/lib/server-api-1.8.M07.jar
     [loader.1] file:/Library/Java/JavaVirtualMachines/jdk1.7.0_45.jdk/Contents/Home/jre/lib/ext/sunjce_provider.jar
     [classpath + loader.0] file:/Users/zhoubin/Documents/workspace/wiiphp-java/lib/commons-codec-1.8.jar
     [loader.1] file:/Users/zhoubin/Library/Java/Extensions/%e7%a0%b4%e8%a7%a3%e8%bf%87%e7%a8%8b.txt
     [classpath + loader.0] file:/Users/zhoubin/Documents/workspace/wiiphp-java/lib/mail.jar
     [classpath + loader.0] file:/Users/zhoubin/Documents/workspace/wiiphp-java/lib/jetty-util-6.1.26.jar
     [classpath + loader.0] file:/Users/zhoubin/Documents/workspace/wiiphp-java/lib/datanucleus-core-2.0.3.jar
     [classpath + loader.0] file:/Users/zhoubin/Documents/workspace/wiiphp-java/lib/jackson-mapper-asl-1.8.8.jar
     [classpath + loader.0] file:/Users/zhoubin/Documents/workspace/wiiphp-java/lib/hive-serde-0.11.0.jar
     [classpath + loader.0] file:/Users/zhoubin/Documents/workspace/wiiphp-java/lib/hive-hbase-handler-0.11.0.jar
     [classpath + loader.0] file:/Users/zhoubin/Documents/workspace/wiiphp-java/lib/commons-beanutils-1.7.0.jar
     [classpath + loader.0] file:/Users/zhoubin/Documents/workspace/wiiphp-java/lib/neo4j-shell-1.8.M07.jar
     [classpath + loader.0] file:/Users/zhoubin/Documents/workspace/wiiphp-java/lib/hive-hwi-0.11.0.jar
     [classpath + loader.0] file:/Users/zhoubin/Documents/workspace/wiiphp-java/lib/hive-contrib-0.11.0.jar
     [classpath + loader.0] file:/Users/zhoubin/Documents/workspace/wiiphp-java/lib/derby-10.4.2.0.jar
2014-11-04 09:27:59.922+0000: Library path:
    /Users/zhoubin/Library/Java/Extensions
    /Library/Java/Extensions
    /Network/Library/Java/Extensions
    /System/Library/Java/Extensions
    /usr/lib/java
    /Users/zhoubin/Documents/workspace/wiiphp-java
2014-11-04 09:27:59.922+0000: System.properties:
    sun.boot.library.path = /Library/Java/JavaVirtualMachines/jdk1.7.0_45.jdk/Contents/Home/jre/lib
    gopherProxySet = false
    path.separator = :
    file.encoding.pkg = sun.io
    user.country = CN
    sun.java.launcher = SUN_STANDARD
    sun.os.patch.level = unknown
    user.dir = /Users/zhoubin/Documents/workspace/wiiphp-java
    sun.jnu.encoding = UTF-8
    sun.management.compiler = HotSpot 64-Bit Tiered Compilers
    http.nonProxyHosts = local|*.local|169.254/16|*.169.254/16
    user.home = /Users/zhoubin
    user.timezone = Asia/Shanghai
    file.encoding = UTF-8
    user.name = zhoubin
    sun.java.command = neo4j.Conn
    sun.arch.data.model = 64
    user.language = zh
    awt.toolkit = sun.lwawt.macosx.LWCToolkit
    file.separator = /
    sun.io.unicode.encoding = UnicodeBig
    sun.cpu.endian = little
    socksNonProxyHosts = local|*.local|169.254/16|*.169.254/16
    ftp.nonProxyHosts = local|*.local|169.254/16|*.169.254/16
    sun.cpu.isalist = 
2014-11-04 09:27:59.923+0000: --- STARTUP diagnostics END ---
2014-11-04 09:27:59.999+0000: Extension org.neo4j.kernel.KernelExtension[kernel jmx] loaded ok
2014-11-04 09:28:00.020+0000: Extension org.neo4j.kernel.KernelExtension[kernel udc] loaded ok
2014-11-04 09:28:00.021+0000: Extension org.neo4j.kernel.KernelExtension[shell] loaded ok
2014-11-04 09:28:00.024+0000: --- STARTUP diagnostics for KernelDiagnostics:Versions START ---
2014-11-04 09:28:00.024+0000: Graph Database: org.neo4j.kernel.EmbeddedGraphDatabase StoreId[time:1415093279660, id:-8702682043321742043, store version: 13561656364791302]
2014-11-04 09:28:00.024+0000: Kernel version: Neo4j - Graph Database Kernel 1.8.M07
2014-11-04 09:28:00.024+0000: Neo4j component versions:
2014-11-04 09:28:00.026+0000:   Neo4j - Graph Database Kernel 1.8.M07
2014-11-04 09:28:00.027+0000: --- STARTUP diagnostics for KernelDiagnostics:Versions END ---
2014-11-04 09:28:00.030+0000: --- STARTUP diagnostics for NEO_STORE_VERSIONS START ---
2014-11-04 09:28:00.030+0000: Store versions:
    Store versions:
      NeoStore v0.A.0
      NodeStore v0.A.0
      RelationshipStore v0.A.0
      RelationshipTypeStore v0.A.0
      PropertyStore v0.A.0
      PropertyIndexStore v0.A.0
      StringPropertyStore v0.A.0
      ArrayPropertyStore v0.A.0
2014-11-04 09:28:00.031+0000: --- STARTUP diagnostics for NEO_STORE_VERSIONS END ---
2014-11-04 09:28:00.031+0000: --- STARTUP diagnostics for NEO_STORE_ID_USAGE START ---
2014-11-04 09:28:00.031+0000: Id usage:
    Id usage:
      NodeStore: used=1 high=0
      RelationshipStore: used=0 high=-1
      RelationshipTypeStore: used=0 high=-1
      PropertyStore: used=0 high=-1
      PropertyIndexStore: used=0 high=-1
      StringPropertyStore: used=1 high=0
      ArrayPropertyStore: used=1 high=0
2014-11-04 09:28:00.032+0000: --- STARTUP diagnostics for NEO_STORE_ID_USAGE END ---
2014-11-04 09:28:00.033+0000: --- STARTUP diagnostics for KernelDiagnostics:StoreFiles START ---
2014-11-04 09:28:00.033+0000: Storage files:
    active_tx_log: 11.00 B
    index:
      lucene-store.db: 40.00 B
      lucene.log.1: 16.00 B
      lucene.log.active: 4.00 B
    - Total: 60.00 B
    lock: 0.00 B
    messages.log: 23.34 kB
    neostore: 54.00 B
    neostore.id: 9.00 B
    neostore.nodestore.db: 9.00 B
    neostore.nodestore.db.id: 9.00 B
    neostore.propertystore.db: 0.00 B
    neostore.propertystore.db.arrays: 128.00 B
    neostore.propertystore.db.arrays.id: 9.00 B
    neostore.propertystore.db.id: 9.00 B
    neostore.propertystore.db.index: 0.00 B
    neostore.propertystore.db.index.id: 9.00 B
    neostore.propertystore.db.index.keys: 38.00 B
    neostore.propertystore.db.index.keys.id: 9.00 B
    neostore.propertystore.db.strings: 128.00 B
    neostore.propertystore.db.strings.id: 9.00 B
    neostore.relationshipstore.db: 0.00 B
    neostore.relationshipstore.db.id: 9.00 B
    neostore.relationshiptypestore.db: 0.00 B
    neostore.relationshiptypestore.db.id: 9.00 B
    neostore.relationshiptypestore.db.names: 38.00 B
    neostore.relationshiptypestore.db.names.id: 9.00 B
    nioneo_logical.log.1: 16.00 B
    nioneo_logical.log.active: 4.00 B
    tm_tx_log.1: 0.00 B
2014-11-04 11:19:43.663+0000: /Users/zhoubin/Documents/workspace/wiiphp-java/http:/master:7474/db/data/neostore.relationshiptypestore.db.names non clean shutdown detected
2014-11-04 11:19:43.709+0000: /Users/zhoubin/Documents/workspace/wiiphp-java/http:/master:7474/db/data/neostore.relationshiptypestore.db non clean shutdown detected
2014-11-04 11:19:43.710+0000: /Users/zhoubin/Documents/workspace/wiiphp-java/http:/master:7474/db/data/neostore.propertystore.db.strings non clean shutdown detected
2014-11-04 11:19:43.712+0000: /Users/zhoubin/Documents/workspace/wiiphp-java/http:/master:7474/db/data/neostore.propertystore.db.index.keys non clean shutdown detected
2014-11-04 11:19:43.714+0000: /Users/zhoubin/Documents/workspace/wiiphp-java/http:/master:7474/db/data/neostore.propertystore.db.index non clean shutdown detected
2014-11-04 11:19:43.717+0000: /Users/zhoubin/Documents/workspace/wiiphp-java/http:/master:7474/db/data/neostore.propertystore.db.arrays non clean shutdown detected
2014-11-04 11:19:43.729+0000: /Users/zhoubin/Documents/workspace/wiiphp-java/http:/master:7474/db/data/neostore.propertystore.db non clean shutdown detected
2014-11-04 11:19:43.732+0000: /Users/zhoubin/Documents/workspace/wiiphp-java/http:/master:7474/db/data/neostore.relationshipstore.db non clean shutdown detected
2014-11-04 11:19:43.735+0000: /Users/zhoubin/Documents/workspace/wiiphp-java/http:/master:7474/db/data/neostore.nodestore.db non clean shutdown detected
2014-11-04 11:19:43.743+0000: /Users/zhoubin/Documents/workspace/wiiphp-java/http:/master:7474/db/data/neostore non clean shutdown detected
2014-11-04 11:19:43.781+0000: Non clean shutdown detected on log [/Users/zhoubin/Documents/workspace/wiiphp-java/http:/master:7474/db/data/nioneo_logical.log.1]. Recovery started ...
2014-11-04 11:19:43.788+0000: [/Users/zhoubin/Documents/workspace/wiiphp-java/http:/master:7474/db/data/nioneo_logical.log.1] logVersion=0 with committed tx=1
2014-11-04 11:19:43.788+0000: [/Users/zhoubin/Documents/workspace/wiiphp-java/http:/master:7474/db/data/nioneo_logical.log.1] entries found=0 lastEntryPos=16
2014-11-04 11:19:43.789+0000: Opened logical log [/Users/zhoubin/Documents/workspace/wiiphp-java/http:/master:7474/db/data/nioneo_logical.log.1] version=0, lastTxId=-1 (recovered)
2014-11-04 11:19:43.789+0000: XaResourceManager[/Users/zhoubin/Documents/workspace/wiiphp-java/http:/master:7474/db/data/nioneo_logical.log] sorting 0 xids
2014-11-04 11:19:43.791+0000: XaResourceManager[/Users/zhoubin/Documents/workspace/wiiphp-java/http:/master:7474/db/data/nioneo_logical.log] checkRecoveryComplete 0 xids
2014-11-04 11:19:43.793+0000: /Users/zhoubin/Documents/workspace/wiiphp-java/http:/master:7474/db/data/neostore.relationshiptypestore.db.names rebuild id generator, highId=1 defragged count=0
2014-11-04 11:19:43.796+0000: /Users/zhoubin/Documents/workspace/wiiphp-java/http:/master:7474/db/data/neostore.propertystore.db.index.keys rebuild id generator, highId=1 defragged count=0
2014-11-04 11:19:43.797+0000: /Users/zhoubin/Documents/workspace/wiiphp-java/http:/master:7474/db/data/neostore.propertystore.db.index rebuild id generator, highId=1 defragged count=0
2014-11-04 11:19:43.798+0000: /Users/zhoubin/Documents/workspace/wiiphp-java/http:/master:7474/db/data/neostore.propertystore.db.strings rebuild id generator, highId=1 defragged count=0
2014-11-04 11:19:43.805+0000: /Users/zhoubin/Documents/workspace/wiiphp-java/http:/master:7474/db/data/neostore.propertystore.db.arrays rebuild id generator, highId=1 defragged count=0
2014-11-04 11:19:43.806+0000: /Users/zhoubin/Documents/workspace/wiiphp-java/http:/master:7474/db/data/neostore.propertystore.db rebuild id generator, highId=1 defragged count=0
2014-11-04 11:19:43.807+0000: /Users/zhoubin/Documents/workspace/wiiphp-java/http:/master:7474/db/data/neostore.relationshipstore.db rebuild id generator, highId=1 defragged count=0
2014-11-04 11:19:43.949+0000: /Users/zhoubin/Documents/workspace/wiiphp-java/http:/master:7474/db/data/neostore.nodestore.db rebuild id generator, highId=1 defragged count=0
2014-11-04 11:19:43.951+0000: /Users/zhoubin/Documents/workspace/wiiphp-java/http:/master:7474/db/data/neostore rebuild id generator, highId=6 defragged count=0
2014-11-04 11:19:43.952+0000: XaResourceManager[/Users/zhoubin/Documents/workspace/wiiphp-java/http:/master:7474/db/data/nioneo_logical.log] recovery completed.
2014-11-04 11:19:43.952+0000: Recovery on log [/Users/zhoubin/Documents/workspace/wiiphp-java/http:/master:7474/db/data/nioneo_logical.log.1] completed.
2014-11-04 11:19:43.967+0000: TM opening log: /Users/zhoubin/Documents/workspace/wiiphp-java/http:/master:7474/db/data/tm_tx_log.1
2014-11-04 11:19:44.007+0000: Non clean shutdown detected on log [/Users/zhoubin/Documents/workspace/wiiphp-java/http:/master:7474/db/data/index/lucene.log.1]. Recovery started ...
2014-11-04 11:19:44.007+0000: [/Users/zhoubin/Documents/workspace/wiiphp-java/http:/master:7474/db/data/index/lucene.log.1] logVersion=0 with committed tx=1
2014-11-04 11:19:44.007+0000: [/Users/zhoubin/Documents/workspace/wiiphp-java/http:/master:7474/db/data/index/lucene.log.1] entries found=0 lastEntryPos=16
2014-11-04 11:19:44.008+0000: Opened logical log [/Users/zhoubin/Documents/workspace/wiiphp-java/http:/master:7474/db/data/index/lucene.log.1] version=0, lastTxId=-1 (recovered)
2014-11-04 11:19:44.008+0000: XaResourceManager[/Users/zhoubin/Documents/workspace/wiiphp-java/http:/master:7474/db/data/index/lucene.log] sorting 0 xids
2014-11-04 11:19:44.008+0000: XaResourceManager[/Users/zhoubin/Documents/workspace/wiiphp-java/http:/master:7474/db/data/index/lucene.log] checkRecoveryComplete 0 xids
2014-11-04 11:19:44.008+0000: XaResourceManager[/Users/zhoubin/Documents/workspace/wiiphp-java/http:/master:7474/db/data/index/lucene.log] recovery completed.
2014-11-04 11:19:44.008+0000: Recovery on log [/Users/zhoubin/Documents/workspace/wiiphp-java/http:/master:7474/db/data/index/lucene.log.1] completed.
2014-11-04 11:19:44.011+0000: --- STARTUP diagnostics START ---
2014-11-04 11:19:44.013+0000: Neo4j Kernel properties:
    forced_kernel_id=
    read_only=false
    neo4j.ext.udc.host=udc.neo4j.org
    logical_log=nioneo_logical.log
    node_auto_indexing=false
    intercept_committing_transactions=false
    remote_shell_name=shell
    relationship_cache_size=477233152
    cache_type=soft
    intercept_deserialized_transactions=false
    lucene_searcher_cache_size=2147483647
    neo4j.ext.udc.interval=86400000
    use_memory_mapped_buffers=true
    rebuild_idgenerators_fast=true
    neostore.propertystore.db.index.keys.mapped_memory=1M
    neostore.propertystore.db.arrays.mapped_memory=639M
    neostore.propertystore.db.strings.mapped_memory=563M
    gcr_cache_min_log_interval=60s
    relationship_grab_size=100
    relationship_auto_indexing=false
    remote_shell_read_only=false
    node_cache_array_fraction=1.0
    allow_store_upgrade=false
    execution_guard_enabled=false
    relationship_cache_array_fraction=1.0
    remote_logging_host=127.0.0.1
    store_dir=http://master:7474/db/data
    online_backup_enabled=false
    remote_logging_port=4560
    gc_monitor_threshold=200ms
    array_block_size=120
    load_kernel_extensions=true
    neostore.relationshipstore.db.mapped_memory=812M
    keep_logical_logs=true
    dump_configuration=false
    gc_monitor_wait_time=100ms
    neostore.nodestore.db.mapped_memory=184M
    neo4j.ext.udc.first_delay=600000
    remote_shell_enabled=false
    neo4j.ext.udc.reg=unreg
    remote_shell_port=1337
    ephemeral=false
    neo_store=neostore
    logging.threshold_for_rotation=104857600
    neostore.propertystore.db.index.mapped_memory=1M
    backup_slave=false
    neostore.propertystore.db.mapped_memory=663M
    string_block_size=120
    grab_file_lock=true
    remote_logging_enabled=false
    node_cache_size=477233152
    neo4j.ext.udc.enabled=true
    online_backup_port=6362
2014-11-04 11:19:44.018+0000: Diagnostics providers:
    org.neo4j.kernel.configuration.Config
    org.neo4j.kernel.info.DiagnosticsManager
    SYSTEM_MEMORY
    JAVA_MEMORY
    OPERATING_SYSTEM
    JAVA_VIRTUAL_MACHINE
    CLASSPATH
    LIBRARY_PATH
    SYSTEM_PROPERTIES
2014-11-04 11:19:44.019+0000: System memory information:
    Total Physical memory: 8.00 GB
    Free Physical memory: 503.47 MB
    Committed virtual memory: 4.61 GB
    Total swap space: 1.00 GB
    Free swap space: 1.00 GB
2014-11-04 11:19:44.025+0000: JVM memory information:
    Free  memory: 111.98 MB
    Total memory: 123.00 MB
    Max   memory: 1.78 GB
    Garbage Collector: PS Scavenge: [PS Eden Space, PS Survivor Space]
    Garbage Collector: PS MarkSweep: [PS Eden Space, PS Survivor Space, PS Old Gen, PS Perm Gen]
    Memory Pool: Code Cache (Non-heap memory): committed=2.44 MB, used=659.31 kB, max=48.00 MB, threshold=0.00 B
    Memory Pool: PS Eden Space (Heap memory): committed=33.00 MB, used=7.37 MB, max=673.00 MB, threshold=?
    Memory Pool: PS Survivor Space (Heap memory): committed=5.00 MB, used=3.65 MB, max=5.00 MB, threshold=?
    Memory Pool: PS Old Gen (Heap memory): committed=85.00 MB, used=8.00 kB, max=1.33 GB, threshold=0.00 B
    Memory Pool: PS Perm Gen (Non-heap memory): committed=21.00 MB, used=7.17 MB, max=82.00 MB, threshold=0.00 B
2014-11-04 11:19:44.034+0000: Operating system information:
    Operating System: Mac OS X; version: 10.9.4; arch: x86_64; cpus: 4
    Max number of file descriptors: 10240
    Number of open file descriptors: 165
    Process id: 5678@localhost
    Byte order: LITTLE_ENDIAN
2014-11-04 11:19:44.047+0000: JVM information:
    VM Name: Java HotSpot(TM) 64-Bit Server VM
    VM Vendor: Oracle Corporation
    VM Version: 24.45-b08
    JIT compiler: HotSpot 64-Bit Tiered Compilers
    VM Arguments: [-Dfile.encoding=UTF-8]
2014-11-04 11:19:44.048+0000: Java classpath:
     [classpath + loader.0] file:/Users/zhoubin/Documents/workspace/wiiphp-java/lib/lucene-core-3.5.0.jar
     [classpath + loader.0] file:/Users/zhoubin/Documents/workspace/wiiphp-java/lib/jetty-6.1.26.jar
     [classpath + loader.0] file:/Users/zhoubin/Documents/workspace/wiiphp-java/lib/datanucleus-connectionpool-2.0.3.jar
     [loader.1] file:/System/Library/Java/Extensions/vecmath.jar
     [classpath + loader.0] file:/Users/zhoubin/Documents/workspace/wiiphp-java/lib/commons-dbcp-1.4.jar
     [classpath + loader.0] file:/Users/zhoubin/Documents/workspace/wiiphp-java/lib/oro-2.0.8.jar
     [classpath + loader.0] file:/Users/zhoubin/Documents/workspace/wiiphp-java/lib/ST4-4.0.4.jar
     [classpath + loader.0] file:/Users/zhoubin/Documents/workspace/wiiphp-java/lib/commons-io-2.4.jar
     [loader.1] file:/Library/Java/JavaVirtualMachines/jdk1.7.0_45.jdk/Contents/Home/jre/lib/ext/sunpkcs11.jar
     [classpath + loader.0] file:/Users/zhoubin/Documents/workspace/wiiphp-java/lib/aspectjrt-1.6.11.jar
     [bootstrap] /Library/Java/JavaVirtualMachines/jdk1.7.0_45.jdk/Contents/Home/jre/classes
     [classpath + loader.0] file:/Users/zhoubin/Documents/workspace/wiiphp-java/lib/hive-metastore-0.11.0.jar
     [loader.1] file:/System/Library/Java/Extensions/libJ3D.jnilib
     [classpath + loader.0] file:/Users/zhoubin/Documents/workspace/wiiphp-java/lib/hadoop-examples-1.0.0.jar
     [loader.1] file:/System/Library/Java/Extensions/QTJava.zip
     [loader.1] file:/Users/zhoubin/Library/Java/Extensions/libjniwrap64.so
     [classpath + loader.0] file:/Users/zhoubin/Documents/workspace/wiiphp-java/lib/javolution-5.5.1.jar
     [classpath + loader.0] file:/Users/zhoubin/Documents/workspace/wiiphp-java/lib/hive-jdbc-0.11.0.jar
     [loader.1] file:/System/Library/Java/Extensions/j3daudio.jar
     [loader.1] file:/Users/zhoubin/Library/Java/Extensions/jniwrap.lic
     [classpath + loader.0] file:/Users/zhoubin/Documents/workspace/wiiphp-java/lib/neo4j-udc-1.8.M07.jar
     [loader.1] file:/System/Library/Java/Extensions/libQTJNative.jnilib
     [classpath + loader.0] file:/Users/zhoubin/Documents/workspace/wiiphp-java/lib/jersey-server-1.8.jar
     [classpath + loader.0] file:/Users/zhoubin/Documents/workspace/wiiphp-java/lib/jdeb-0.8.jar
     [loader.1] file:/System/Library/Java/Extensions/j3dcore.jar
     [classpath + loader.0] file:/Users/zhoubin/Documents/workspace/wiiphp-java/lib/hive-cli-0.11.0.jar
     [classpath + loader.0] file:/Users/zhoubin/Documents/workspace/wiiphp-java/lib/commons-daemon-1.0.1.jar
     [classpath + loader.0] file:/Users/zhoubin/Documents/workspace/wiiphp-java/lib/commons-codec-1.6.jar
     [loader.1] file:/usr/lib/java/libjdns_sd.jnilib
     [classpath + loader.0] file:/Users/zhoubin/Documents/workspace/wiiphp-java/lib/snappy-0.2.jar
     [classpath + loader.0] file:/Users/zhoubin/Documents/workspace/wiiphp-java/lib/geronimo-jta_1.1_spec-1.1.1.jar
     [classpath + loader.0] file:/Users/zhoubin/Documents/workspace/wiiphp-java/lib/aspectjtools-1.6.11.jar
     [classpath + loader.0] file:/Users/zhoubin/Documents/workspace/wiiphp-java/lib/servlet-api-2.5-20081211.jar
     [classpath + loader.0] file:/Users/zhoubin/Documents/workspace/wiiphp-java/lib/jersey-json-1.8.jar
     [classpath + loader.0] file:/Users/zhoubin/Documents/workspace/wiiphp-java/lib/jersey-core-1.8.jar
     [classpath + loader.0] file:/Users/zhoubin/Documents/workspace/wiiphp-java/lib/hadoop-fairscheduler-1.2.1.jar
     [classpath + loader.0] file:/Users/zhoubin/Documents/workspace/wiiphp-java/lib/hadoop-core-1.0.0.jar
     [classpath + loader.0] file:/Users/zhoubin/Documents/workspace/wiiphp-java/lib/jasper-runtime-5.5.12.jar
     [loader.1] file:/System/Library/Java/Extensions/jai_core.jar
     [loader.1] file:/Users/zhoubin/Library/Java/Extensions/jniwrap.dll
     [classpath + loader.0] file:/Users/zhoubin/Documents/workspace/wiiphp-java/lib/jredis.jar
     [bootstrap] /Library/Java/JavaVirtualMachines/jdk1.7.0_45.jdk/Contents/Home/jre/lib/resources.jar
     [classpath + loader.0] file:/Users/zhoubin/Documents/workspace/wiiphp-java/lib/neo4j-jmx-1.8.M07.jar
     [classpath + loader.0] file:/Users/zhoubin/Documents/workspace/wiiphp-java/lib/hive-beeline-0.11.0.jar
     [loader.1] file:/Library/Java/JavaVirtualMachines/jdk1.7.0_45.jdk/Contents/Home/jre/lib/ext/dnsns.jar
     [classpath + loader.0] file:/Users/zhoubin/Documents/workspace/wiiphp-java/lib/hbase-0.94.6.1.jar
     [classpath + loader.0] file:/Users/zhoubin/Documents/workspace/wiiphp-java/lib/neo4j-graph-matching-1.8.M07.jar
     [classpath + loader.0] file:/Users/zhoubin/Documents/workspace/wiiphp-java/lib/mockito-all-1.8.5.jar
     [classpath + loader.0] file:/Users/zhoubin/Documents/workspace/wiiphp-java/lib/xmlenc-0.52.jar
     [classpath + loader.0] file:/Users/zhoubin/Documents/workspace/wiiphp-java/lib/commons-logging-1.1.3.jar
     [classpath + loader.0] file:/Users/zhoubin/Documents/workspace/wiiphp-java/lib/hsqldb-1.8.0.10.jar
     [classpath + loader.0] file:/Users/zhoubin/Documents/workspace/wiiphp-java/lib/neo4j-kernel-1.8.M07.jar
     [bootstrap] /Library/Java/JavaVirtualMachines/jdk1.7.0_45.jdk/Contents/Home/jre/lib/sunrsasign.jar
     [classpath + loader.0] file:/Users/zhoubin/Documents/workspace/wiiphp-java/lib/slf4j-log4j12-1.6.1.jar
     [classpath + loader.0] file:/Users/zhoubin/Documents/workspace/wiiphp-java/lib/jsch-0.1.42.jar
     [classpath + loader.0] file:/Users/zhoubin/Documents/workspace/wiiphp-java/lib/tempus-fugit-1.1.jar
     [classpath + loader.0] file:/Users/zhoubin/Documents/workspace/wiiphp-java/lib/junit-4.5.jar
     [classpath + loader.0] file:/Users/zhoubin/Documents/workspace/wiiphp-java/lib/commons-pool-1.5.4.jar
     [classpath + loader.0] file:/Users/zhoubin/Documents/workspace/wiiphp-java/lib/jets3t-0.6.1.jar
     [classpath + loader.0] file:/Users/zhoubin/Documents/workspace/wiiphp-java/lib/asm-3.2.jar
     [loader.1] file:/Library/Java/JavaVirtualMachines/jdk1.7.0_45.jdk/Contents/Home/jre/lib/ext/sunec.jar
     [classpath + loader.0] file:/Users/zhoubin/Documents/workspace/wiiphp-java/lib/json-20090211.jar
     [classpath + loader.0] file:/Users/zhoubin/Documents/workspace/wiiphp-java/lib/jline-0.9.94.jar
     [classpath + loader.0] file:/Users/zhoubin/Documents/workspace/wiiphp-java/lib/hbase-0.94.6.1-tests.jar
     [classpath + loader.0] file:/Users/zhoubin/Documents/workspace/wiiphp-java/lib/commons-cli-1.2.jar
     [classpath + loader.0] file:/Users/zhoubin/Documents/workspace/wiiphp-java/lib/taobao-sdk-java-online_standard-20131204.jar
     [classpath + loader.0] file:/Users/zhoubin/Documents/workspace/wiiphp-java/lib/kfs-0.2.2.jar
     [classpath + loader.0] file:/Users/zhoubin/Documents/workspace/wiiphp-java/lib/commons-httpclient-3.0.1.jar
     [classpath + loader.0] file:/Users/zhoubin/Documents/workspace/wiiphp-java/lib/protobuf-java-2.4.1.jar
     [classpath + loader.0] file:/Users/zhoubin/Documents/workspace/wiiphp-java/lib/maven-ant-tasks-2.1.3.jar
     [classpath + loader.0] file:/Users/zhoubin/Documents/workspace/wiiphp-java/lib/httpmime-4.3.1.jar
     [loader.1] file:/System/Library/Java/Extensions/AppleScriptEngine.jar
     [classpath + loader.0] file:/Users/zhoubin/Documents/workspace/wiiphp-java/lib/libfb303-0.9.0.jar
     [classpath + loader.0] file:/Users/zhoubin/Documents/workspace/wiiphp-java/lib/hadoop-ant-1.0.0.jar
     [classpath + loader.0] file:/Users/zhoubin/Documents/workspace/wiiphp-java/lib/hive-common-0.11.0.jar
     [classpath + loader.0] file:/Users/zhoubin/Documents/workspace/wiiphp-java/lib/jackson-core-asl-1.8.8.jar
     [classpath + loader.0] file:/Users/zhoubin/Documents/workspace/wiiphp-java/bin/
     [classpath + loader.0] file:/Users/zhoubin/Documents/workspace/wiiphp-java/lib/hive-hwi-0.11.0.war
     [loader.1] file:/System/Library/Java/Extensions/dns_sd.jar
     [classpath + loader.0] file:/Users/zhoubin/Documents/workspace/wiiphp-java/lib/guava-11.0.2.jar
     [loader.1] file:/Users/zhoubin/Library/Java/Extensions/publicKey.bytes
     [loader.1] file:/System/Library/Java/Extensions/MRJToolkit.jar
     [loader.1] file:/Users/zhoubin/Library/Java/Extensions/libjniwrap.so
     [classpath + loader.0] file:/Users/zhoubin/Documents/workspace/wiiphp-java/lib/neo4j-graph-algo-1.8.M07.jar
     [classpath + loader.0] file:/Users/zhoubin/Documents/workspace/wiiphp-java/lib/mongo-java-driver-2.11.3.jar
     [classpath + loader.0] file:/Users/zhoubin/Documents/workspace/wiiphp-java/lib/commons-digester-1.8.jar
     [loader.1] file:/System/Library/Java/Extensions/libmlib_jai.jnilib
     [loader.1] file:/Users/zhoubin/Library/Java/Extensions/privateKey.bytes
     [classpath + loader.0] file:/Users/zhoubin/Documents/workspace/wiiphp-java/lib/commons-lang-2.6.jar
     [classpath + loader.0] file:/Users/zhoubin/Documents/workspace/wiiphp-java/lib/hadoop-thriftfs-1.2.1.jar
     [loader.1] file:/Users/zhoubin/Library/Java/Extensions/jniwrap64.dll
     [classpath + loader.0] file:/Users/zhoubin/Documents/workspace/wiiphp-java/lib/log4j-1.2.16.jar
     [loader.1] file:/Library/Java/JavaVirtualMachines/jdk1.7.0_45.jdk/Contents/Home/jre/lib/ext/localedata.jar
     [classpath + loader.0] file:/Users/zhoubin/Documents/workspace/wiiphp-java/lib/jsoup-1.7.2.jar
     [classpath + loader.0] file:/Users/zhoubin/Documents/workspace/wiiphp-java/lib/commons-collections-3.2.1.jar
     [classpath + loader.0] file:/Users/zhoubin/Documents/workspace/wiiphp-java/lib/httpclient-4.3.1.jar
     [classpath + loader.0] file:/Users/zhoubin/Documents/workspace/wiiphp-java/lib/jasper-compiler-5.5.12.jar
     [classpath + loader.0] file:/Users/zhoubin/Documents/workspace/wiiphp-java/lib/core-3.1.1.jar
     [classpath + loader.0] file:/Users/zhoubin/Documents/workspace/wiiphp-java/lib/hadoop-capacity-scheduler-1.2.1.jar
     [loader.1] file:/System/Library/Java/Extensions/mlibwrapper_jai.jar
     [classpath + loader.0] file:/Users/zhoubin/Documents/workspace/wiiphp-java/lib/commons-net-3.1.jar
     [classpath + loader.0] file:/Users/zhoubin/Documents/workspace/wiiphp-java/lib/fluent-hc-4.3.1.jar
     [classpath + loader.0] file:/Users/zhoubin/Documents/workspace/wiiphp-java/lib/commons-math-2.1.jar
     [classpath + loader.0] file:/Users/zhoubin/Documents/workspace/wiiphp-java/lib/avro-mapred-1.7.1.jar
     [bootstrap] /Library/Java/JavaVirtualMachines/jdk1.7.0_45.jdk/Contents/Home/jre/lib/jfr.jar
     [classpath + loader.0] file:/Users/zhoubin/Documents/workspace/wiiphp-java/lib/commons-el-1.0.jar
     [classpath + loader.0] file:/Users/zhoubin/Documents/workspace/wiiphp-java/lib/org.apache.servicemix.bundles.jline-0.9.94_1.jar
     [classpath + loader.0] file:/Users/zhoubin/Documents/workspace/wiiphp-java/lib/commons-logging-api-1.0.4.jar
     [classpath + loader.0] file:/Users/zhoubin/Documents/workspace/wiiphp-java/lib/jackson-xc-1.8.8.jar
     [classpath + loader.0] file:/Users/zhoubin/Documents/workspace/wiiphp-java/lib/jackson-jaxrs-1.8.8.jar
     [classpath + loader.0] file:/Users/zhoubin/Documents/workspace/wiiphp-java/lib/hadoop-0.20.1-eclipse-plugin.jar
     [loader.1] file:/Users/zhoubin/Library/Java/Extensions/cracker.jar
     [classpath + loader.0] file:/Users/zhoubin/Documents/workspace/wiiphp-java/lib/hadoop-tools-1.0.0.jar
     [loader.1] file:/System/Library/Java/Extensions/libJ3DAudio.jnilib
     [loader.1] file:/System/Library/Java/Extensions/libAppleScriptEngine.jnilib
     [bootstrap] /Library/Java/JavaVirtualMachines/jdk1.7.0_45.jdk/Contents/Home/jre/lib/JObjC.jar
     [bootstrap] /Library/Java/JavaVirtualMachines/jdk1.7.0_45.jdk/Contents/Home/jre/lib/jce.jar
     [classpath + loader.0] file:/Users/zhoubin/Documents/workspace/wiiphp-java/lib/metrics-core-2.1.2.jar
     [classpath + loader.0] file:/Users/zhoubin/Documents/workspace/wiiphp-java/lib/httpcore-4.3.jar
     [loader.1] file:/System/Library/Java/Extensions/libJ3DUtils.jnilib
     [classpath + loader.0] file:/Users/zhoubin/Documents/workspace/wiiphp-java/lib/avro-1.7.1.jar
     [classpath + loader.0] file:/Users/zhoubin/Documents/workspace/wiiphp-java/lib/libthrift-0.9.0.jar
     [classpath + loader.0] file:/Users/zhoubin/Documents/workspace/wiiphp-java/lib/scala-library-2.9.1-1.jar
     [classpath + loader.0] file:/Users/zhoubin/Documents/workspace/wiiphp-java/lib/antlr-runtime-3.4.jar
     [classpath + loader.0] file:/Users/zhoubin/Documents/workspace/wiiphp-java/lib/xz-1.0.jar
     [classpath + loader.0] file:/Users/zhoubin/Documents/workspace/wiiphp-java/lib/datanucleus-rdbms-2.0.3.jar
     [loader.1] file:/Library/Java/JavaVirtualMachines/jdk1.7.0_45.jdk/Contents/Home/jre/lib/ext/zipfs.jar
     [classpath + loader.0] file:/Users/zhoubin/Documents/workspace/wiiphp-java/lib/slf4j-api-1.6.1.jar
     [loader.1] file:/System/Library/Java/Extensions/j3dutils.jar
     [classpath + loader.0] file:/Users/zhoubin/Documents/workspace/wiiphp-java/lib/jdo2-api-2.3-ec.jar
     [loader.1] file:/System/Library/Java/Extensions/jai_codec.jar
     [classpath + loader.0] file:/Users/zhoubin/Documents/workspace/wiiphp-java/lib/hive-shims-0.11.0.jar
     [classpath + loader.0] file:/Users/zhoubin/Documents/workspace/wiiphp-java/lib/neo4j-lucene-index-1.8.M07.jar
     [classpath + loader.0] file:/Users/zhoubin/Documents/workspace/wiiphp-java/lib/hadoop-test-1.0.0.jar
     [bootstrap] /Library/Java/JavaVirtualMachines/jdk1.7.0_45.jdk/Contents/Home/jre/lib/jsse.jar
     [classpath + loader.0] file:/Users/zhoubin/Documents/workspace/wiiphp-java/lib/commons-configuration-1.6.jar
     [classpath + loader.0] file:/Users/zhoubin/Documents/workspace/wiiphp-java/lib/hive-service-0.11.0.jar
     [classpath + loader.0] file:/Users/zhoubin/Documents/workspace/wiiphp-java/lib/hive-exec-0.11.0.jar
     [bootstrap] /Library/Java/JavaVirtualMachines/jdk1.7.0_45.jdk/Contents/Home/jre/lib/charsets.jar
     [bootstrap] /Library/Java/JavaVirtualMachines/jdk1.7.0_45.jdk/Contents/Home/jre/lib/rt.jar
     [classpath + loader.0] file:/Users/zhoubin/Documents/workspace/wiiphp-java/lib/neo4j-cypher-1.8.M07.jar
     [classpath + loader.0] file:/Users/zhoubin/Documents/workspace/wiiphp-java/lib/zookeeper-3.4.3.jar
     [classpath + loader.0] file:/Users/zhoubin/Documents/workspace/wiiphp-java/lib/datanucleus-enhancer-2.0.3.jar
     [loader.1] file:/Users/zhoubin/Library/Java/Extensions/libjniwrap.jnilib
     [classpath + loader.0] file:/Users/zhoubin/Documents/workspace/wiiphp-java/lib/httpclient-cache-4.3.1.jar
     [loader.1] file:/Users/zhoubin/Library/Java/Extensions/run.bat
     [classpath + loader.0] file:/Users/zhoubin/Documents/workspace/wiiphp-java/lib/commons-beanutils-core-1.8.0.jar
     [classpath + loader.0] file:/Users/zhoubin/Documents/workspace/wiiphp-java/lib/commons-compress-1.4.1.jar
     [classpath + loader.0] file:/Users/zhoubin/Documents/workspace/wiiphp-java/lib/JavaEWAH-0.3.2.jar
     [classpath + loader.0] file:/Users/zhoubin/Documents/workspace/wiiphp-java/lib/server-api-1.8.M07.jar
     [loader.1] file:/Library/Java/JavaVirtualMachines/jdk1.7.0_45.jdk/Contents/Home/jre/lib/ext/sunjce_provider.jar
     [classpath + loader.0] file:/Users/zhoubin/Documents/workspace/wiiphp-java/lib/commons-codec-1.8.jar
     [loader.1] file:/Users/zhoubin/Library/Java/Extensions/%e7%a0%b4%e8%a7%a3%e8%bf%87%e7%a8%8b.txt
     [classpath + loader.0] file:/Users/zhoubin/Documents/workspace/wiiphp-java/lib/mail.jar
     [classpath + loader.0] file:/Users/zhoubin/Documents/workspace/wiiphp-java/lib/jetty-util-6.1.26.jar
     [classpath + loader.0] file:/Users/zhoubin/Documents/workspace/wiiphp-java/lib/datanucleus-core-2.0.3.jar
     [classpath + loader.0] file:/Users/zhoubin/Documents/workspace/wiiphp-java/lib/jackson-mapper-asl-1.8.8.jar
     [classpath + loader.0] file:/Users/zhoubin/Documents/workspace/wiiphp-java/lib/hive-serde-0.11.0.jar
     [classpath + loader.0] file:/Users/zhoubin/Documents/workspace/wiiphp-java/lib/hive-hbase-handler-0.11.0.jar
     [classpath + loader.0] file:/Users/zhoubin/Documents/workspace/wiiphp-java/lib/commons-beanutils-1.7.0.jar
     [classpath + loader.0] file:/Users/zhoubin/Documents/workspace/wiiphp-java/lib/neo4j-shell-1.8.M07.jar
     [classpath + loader.0] file:/Users/zhoubin/Documents/workspace/wiiphp-java/lib/hive-hwi-0.11.0.jar
     [classpath + loader.0] file:/Users/zhoubin/Documents/workspace/wiiphp-java/lib/hive-contrib-0.11.0.jar
     [classpath + loader.0] file:/Users/zhoubin/Documents/workspace/wiiphp-java/lib/derby-10.4.2.0.jar
2014-11-04 11:19:44.057+0000: Library path:
    /Users/zhoubin/Library/Java/Extensions
    /Library/Java/Extensions
    /Network/Library/Java/Extensions
    /System/Library/Java/Extensions
    /usr/lib/java
    /Users/zhoubin/Documents/workspace/wiiphp-java
2014-11-04 11:19:44.057+0000: System.properties:
    sun.boot.library.path = /Library/Java/JavaVirtualMachines/jdk1.7.0_45.jdk/Contents/Home/jre/lib
    gopherProxySet = false
    path.separator = :
    file.encoding.pkg = sun.io
    user.country = CN
    sun.java.launcher = SUN_STANDARD
    sun.os.patch.level = unknown
    user.dir = /Users/zhoubin/Documents/workspace/wiiphp-java
    sun.jnu.encoding = UTF-8
    sun.management.compiler = HotSpot 64-Bit Tiered Compilers
    http.nonProxyHosts = local|*.local|169.254/16|*.169.254/16
    user.home = /Users/zhoubin
    user.timezone = Asia/Shanghai
    file.encoding = UTF-8
    user.name = zhoubin
    sun.java.command = neo4j.Conn
    sun.arch.data.model = 64
    user.language = zh
    awt.toolkit = sun.lwawt.macosx.LWCToolkit
    file.separator = /
    sun.io.unicode.encoding = UnicodeBig
    sun.cpu.endian = little
    socksNonProxyHosts = local|*.local|169.254/16|*.169.254/16
    ftp.nonProxyHosts = local|*.local|169.254/16|*.169.254/16
    sun.cpu.isalist = 
2014-11-04 11:19:44.058+0000: --- STARTUP diagnostics END ---
2014-11-04 11:19:44.169+0000: Extension org.neo4j.kernel.KernelExtension[kernel jmx] loaded ok
2014-11-04 11:19:44.192+0000: Extension org.neo4j.kernel.KernelExtension[kernel udc] loaded ok
2014-11-04 11:19:44.194+0000: Extension org.neo4j.kernel.KernelExtension[shell] loaded ok
2014-11-04 11:19:44.197+0000: --- STARTUP diagnostics for KernelDiagnostics:Versions START ---
2014-11-04 11:19:44.197+0000: Graph Database: org.neo4j.kernel.EmbeddedGraphDatabase StoreId[time:1415093279660, id:-8702682043321742043, store version: 13561656364791302]
2014-11-04 11:19:44.198+0000: Kernel version: Neo4j - Graph Database Kernel 1.8.M07
2014-11-04 11:19:44.198+0000: Neo4j component versions:
2014-11-04 11:19:44.199+0000:   Neo4j - Graph Database Kernel 1.8.M07
2014-11-04 11:19:44.199+0000: --- STARTUP diagnostics for KernelDiagnostics:Versions END ---
2014-11-04 11:19:44.201+0000: --- STARTUP diagnostics for NEO_STORE_VERSIONS START ---
2014-11-04 11:19:44.202+0000: Store versions:
    Store versions:
      NeoStore v0.A.0
      NodeStore v0.A.0
      RelationshipStore v0.A.0
      RelationshipTypeStore v0.A.0
      PropertyStore v0.A.0
      PropertyIndexStore v0.A.0
      StringPropertyStore v0.A.0
      ArrayPropertyStore v0.A.0
2014-11-04 11:19:44.202+0000: --- STARTUP diagnostics for NEO_STORE_VERSIONS END ---
2014-11-04 11:19:44.202+0000: --- STARTUP diagnostics for NEO_STORE_ID_USAGE START ---
2014-11-04 11:19:44.202+0000: Id usage:
    Id usage:
      NodeStore: used=1 high=0
      RelationshipStore: used=1 high=0
      RelationshipTypeStore: used=0 high=-1
      PropertyStore: used=1 high=0
      PropertyIndexStore: used=1 high=0
      StringPropertyStore: used=1 high=0
      ArrayPropertyStore: used=1 high=0
2014-11-04 11:19:44.203+0000: --- STARTUP diagnostics for NEO_STORE_ID_USAGE END ---
2014-11-04 11:19:44.203+0000: --- STARTUP diagnostics for KernelDiagnostics:StoreFiles START ---
2014-11-04 11:19:44.203+0000: Storage files:
    active_tx_log: 11.00 B
    index:
      lucene-store.db: 40.00 B
      lucene.log.1: 16.00 B
      lucene.log.active: 4.00 B
    - Total: 60.00 B
    lock: 0.00 B
    messages.log: 53.36 kB
    neostore: 54.00 B
    neostore.id: 9.00 B
    neostore.nodestore.db: 188.41 kB
    neostore.nodestore.db.id: 9.00 B
    neostore.propertystore.db: 0.00 B
    neostore.propertystore.db.arrays: 128.00 B
    neostore.propertystore.db.arrays.id: 9.00 B
    neostore.propertystore.db.id: 9.00 B
    neostore.propertystore.db.index: 10.24 kB
    neostore.propertystore.db.index.id: 9.00 B
    neostore.propertystore.db.index.keys: 38.00 B
    neostore.propertystore.db.index.keys.id: 9.00 B
    neostore.propertystore.db.strings: 128.00 B
    neostore.propertystore.db.strings.id: 9.00 B
    neostore.relationshipstore.db: 0.00 B
    neostore.relationshipstore.db.id: 9.00 B
    neostore.relationshiptypestore.db: 0.00 B
    neostore.relationshiptypestore.db.id: 9.00 B
    neostore.relationshiptypestore.db.names: 38.00 B
    neostore.relationshiptypestore.db.names.id: 9.00 B
    nioneo_logical.log.1: 16.00 B
    nioneo_logical.log.active: 4.00 B
    tm_tx_log.1: 0.00 B
